gcc -ansi -pedantic -Wall -Wno-implicit -Wno-long-long -O3 -fstrength-reduce -fthread-jumps  -fcse-follow-jumps -fcse-skip-blocks -frerun-cse-after-loop  -fexpensive-optimizations -fforce-addr -fomit-frame-pointer -D_XOPEN_SOURCE=500 -I. -I/usr/local/include  -I./sys/nix -DHAVE_CONFIG_H -DIS_LITTLE_ENDIAN  -DIS_LINUX -c lcd.c -o lcd.o
gcc -ansi -pedantic -Wall -Wno-implicit -Wno-long-long -O3 -fstrength-reduce -fthread-jumps  -fcse-follow-jumps -fcse-skip-blocks -frerun-cse-after-loop  -fexpensive-optimizations -fforce-addr -fomit-frame-pointer -D_XOPEN_SOURCE=500 -I. -I/usr/local/include  -I./sys/nix -DHAVE_CONFIG_H -DIS_LITTLE_ENDIAN  -DIS_LINUX -c refresh.c -o refresh.o
gcc -ansi -pedantic -Wall -Wno-implicit -Wno-long-long -O3 -fstrength-reduce -fthread-jumps  -fcse-follow-jumps -fcse-skip-blocks -frerun-cse-after-loop  -fexpensive-optimizations -fforce-addr -fomit-frame-pointer -D_XOPEN_SOURCE=500 -I. -I/usr/local/include  -I./sys/nix -DHAVE_CONFIG_H -DIS_LITTLE_ENDIAN  -DIS_LINUX -c lcdc.c -o lcdc.o
gcc -ansi -pedantic -Wall -Wno-implicit -Wno-long-long -O3 -fstrength-reduce -fthread-jumps  -fcse-follow-jumps -fcse-skip-blocks -frerun-cse-after-loop  -fexpensive-optimizations -fforce-addr -fomit-frame-pointer -D_XOPEN_SOURCE=500 -I. -I/usr/local/include  -I./sys/nix -DHAVE_CONFIG_H -DIS_LITTLE_ENDIAN  -DIS_LINUX -c palette.c -o palette.o
palette.c:26:13: attention : ‘bestmatch’ defined but not used [-Wunused-function]
gcc -ansi -pedantic -Wall -Wno-implicit -Wno-long-long -O3 -fstrength-reduce -fthread-jumps  -fcse-follow-jumps -fcse-skip-blocks -frerun-cse-after-loop  -fexpensive-optimizations -fforce-addr -fomit-frame-pointer -D_XOPEN_SOURCE=500 -I. -I/usr/local/include  -I./sys/nix -DHAVE_CONFIG_H -DIS_LITTLE_ENDIAN  -DIS_LINUX -c cpu.c -o cpu.o
gcc -ansi -pedantic -Wall -Wno-implicit -Wno-long-long -O3 -fstrength-reduce -fthread-jumps  -fcse-follow-jumps -fcse-skip-blocks -frerun-cse-after-loop  -fexpensive-optimizations -fforce-addr -fomit-frame-pointer -D_XOPEN_SOURCE=500 -I. -I/usr/local/include  -I./sys/nix -DHAVE_CONFIG_H -DIS_LITTLE_ENDIAN  -DIS_LINUX -c mem.c -o mem.o
gcc -ansi -pedantic -Wall -Wno-implicit -Wno-long-long -O3 -fstrength-reduce -fthread-jumps  -fcse-follow-jumps -fcse-skip-blocks -frerun-cse-after-loop  -fexpensive-optimizations -fforce-addr -fomit-frame-pointer -D_XOPEN_SOURCE=500 -I. -I/usr/local/include  -I./sys/nix -DHAVE_CONFIG_H -DIS_LITTLE_ENDIAN  -DIS_LINUX -c rtc.c -o rtc.o
rtc.c: In function ‘rtc_load_internal’:
rtc.c:131:8: attention : ignoring return value of ‘fscanf’, declared with attribute warn_unused_result [-Wunused-result]
gcc -ansi -pedantic -Wall -Wno-implicit -Wno-long-long -O3 -fstrength-reduce -fthread-jumps  -fcse-follow-jumps -fcse-skip-blocks -frerun-cse-after-loop  -fexpensive-optimizations -fforce-addr -fomit-frame-pointer -D_XOPEN_SOURCE=500 -I. -I/usr/local/include  -I./sys/nix -DHAVE_CONFIG_H -DIS_LITTLE_ENDIAN  -DIS_LINUX -c hw.c -o hw.o
hw.c: In function ‘hw_hdma’:
hw.c:97:2: attention : implicit declaration of function ‘div_advance’ [-Wimplicit-function-declaration]
hw.c:98:2: attention : implicit declaration of function ‘timer_advance’ [-Wimplicit-function-declaration]
hw.c:99:2: attention : implicit declaration of function ‘sound_advance’ [-Wimplicit-function-declaration]
In file included from hw.c:10:0:
hw.c: Hors de toute fonction :
fastmem.h:24:12: attention : ‘readw’ defined but not used [-Wunused-function]
fastmem.h:44:13: attention : ‘writew’ defined but not used [-Wunused-function]
fastmem.h:73:13: attention : ‘readhi’ defined but not used [-Wunused-function]
fastmem.h:78:13: attention : ‘writehi’ defined but not used [-Wunused-function]
gcc -ansi -pedantic -Wall -Wno-implicit -Wno-long-long -O3 -fstrength-reduce -fthread-jumps  -fcse-follow-jumps -fcse-skip-blocks -frerun-cse-after-loop  -fexpensive-optimizations -fforce-addr -fomit-frame-pointer -D_XOPEN_SOURCE=500 -I. -I/usr/local/include  -I./sys/nix -DHAVE_CONFIG_H -DIS_LITTLE_ENDIAN  -DIS_LINUX -c sound.c -o sound.o
gcc -ansi -pedantic -Wall -Wno-implicit -Wno-long-long -O3 -fstrength-reduce -fthread-jumps  -fcse-follow-jumps -fcse-skip-blocks -frerun-cse-after-loop  -fexpensive-optimizations -fforce-addr -fomit-frame-pointer -D_XOPEN_SOURCE=500 -I. -I/usr/local/include  -I./sys/nix -DHAVE_CONFIG_H -DIS_LITTLE_ENDIAN  -DIS_LINUX -c events.c -o events.o
gcc -ansi -pedantic -Wall -Wno-implicit -Wno-long-long -O3 -fstrength-reduce -fthread-jumps  -fcse-follow-jumps -fcse-skip-blocks -frerun-cse-after-loop  -fexpensive-optimizations -fforce-addr -fomit-frame-pointer -D_XOPEN_SOURCE=500 -I. -I/usr/local/include  -I./sys/nix -DHAVE_CONFIG_H -DIS_LITTLE_ENDIAN  -DIS_LINUX -c keytable.c -o keytable.o
gcc -ansi -pedantic -Wall -Wno-implicit -Wno-long-long -O3 -fstrength-reduce -fthread-jumps  -fcse-follow-jumps -fcse-skip-blocks -frerun-cse-after-loop  -fexpensive-optimizations -fforce-addr -fomit-frame-pointer -D_XOPEN_SOURCE=500 -I. -I/usr/local/include  -I./sys/nix -DHAVE_CONFIG_H -DIS_LITTLE_ENDIAN  -DIS_LINUX -c loader.c -o loader.o
loader.c: In function ‘sram_load’:
loader.c:255:7: attention : ignoring return value of ‘fread’, declared with attribute warn_unused_result [-Wunused-result]
loader.c: In function ‘check_zip’:
loader.c:449:10: attention : ignoring return value of ‘fread’, declared with attribute warn_unused_result [-Wunused-result]
gcc -ansi -pedantic -Wall -Wno-implicit -Wno-long-long -O3 -fstrength-reduce -fthread-jumps  -fcse-follow-jumps -fcse-skip-blocks -frerun-cse-after-loop  -fexpensive-optimizations -fforce-addr -fomit-frame-pointer -D_XOPEN_SOURCE=500 -I. -I/usr/local/include  -I./sys/nix -DHAVE_CONFIG_H -DIS_LITTLE_ENDIAN  -DIS_LINUX -c save.c -o save.o
save.c: In function ‘loadstate’:
save.c:173:4: attention : déréférencement du pointeur type-punned brisera les strictes d'aliases [-Wstrict-aliasing]
save.c: In function ‘savestate’:
save.c:234:3: attention : déréférencement du pointeur type-punned brisera les strictes d'aliases [-Wstrict-aliasing]
save.c: In function ‘loadstate’:
save.c:167:7: attention : ignoring return value of ‘fread’, declared with attribute warn_unused_result [-Wunused-result]
save.c:203:7: attention : ignoring return value of ‘fread’, declared with attribute warn_unused_result [-Wunused-result]
save.c:206:7: attention : ignoring return value of ‘fread’, declared with attribute warn_unused_result [-Wunused-result]
save.c:209:7: attention : ignoring return value of ‘fread’, declared with attribute warn_unused_result [-Wunused-result]
gcc -ansi -pedantic -Wall -Wno-implicit -Wno-long-long -O3 -fstrength-reduce -fthread-jumps  -fcse-follow-jumps -fcse-skip-blocks -frerun-cse-after-loop  -fexpensive-optimizations -fforce-addr -fomit-frame-pointer -D_XOPEN_SOURCE=500 -I. -I/usr/local/include  -I./sys/nix -DHAVE_CONFIG_H -DIS_LITTLE_ENDIAN  -DIS_LINUX -c debug.c -o debug.o
In file included from debug.c:13:0:
fastmem.h:44:13: attention : ‘writew’ defined but not used [-Wunused-function]
fastmem.h:73:13: attention : ‘readhi’ defined but not used [-Wunused-function]
fastmem.h:78:13: attention : ‘writehi’ defined but not used [-Wunused-function]
gcc -ansi -pedantic -Wall -Wno-implicit -Wno-long-long -O3 -fstrength-reduce -fthread-jumps  -fcse-follow-jumps -fcse-skip-blocks -frerun-cse-after-loop  -fexpensive-optimizations -fforce-addr -fomit-frame-pointer -D_XOPEN_SOURCE=500 -I. -I/usr/local/include  -I./sys/nix -DHAVE_CONFIG_H -DIS_LITTLE_ENDIAN  -DIS_LINUX -c emu.c -o emu.o
gcc -ansi -pedantic -Wall -Wno-implicit -Wno-long-long -O3 -fstrength-reduce -fthread-jumps  -fcse-follow-jumps -fcse-skip-blocks -frerun-cse-after-loop  -fexpensive-optimizations -fforce-addr -fomit-frame-pointer -D_XOPEN_SOURCE=500 -I. -I/usr/local/include  -I./sys/nix -DHAVE_CONFIG_H -DIS_LITTLE_ENDIAN  -DIS_LINUX -c rccmds.c -o rccmds.o
rccmds.c: In function ‘cmd_screenshot’:
rccmds.c:102:6: attention : unused variable ‘i’ [-Wunused-variable]
gcc -ansi -pedantic -Wall -Wno-implicit -Wno-long-long -O3 -fstrength-reduce -fthread-jumps  -fcse-follow-jumps -fcse-skip-blocks -frerun-cse-after-loop  -fexpensive-optimizations -fforce-addr -fomit-frame-pointer -D_XOPEN_SOURCE=500 -I. -I/usr/local/include  -I./sys/nix -DHAVE_CONFIG_H -DIS_LITTLE_ENDIAN  -DIS_LINUX -c rckeys.c -o rckeys.o
gcc -ansi -pedantic -Wall -Wno-implicit -Wno-long-long -O3 -fstrength-reduce -fthread-jumps  -fcse-follow-jumps -fcse-skip-blocks -frerun-cse-after-loop  -fexpensive-optimizations -fforce-addr -fomit-frame-pointer -D_XOPEN_SOURCE=500 -I. -I/usr/local/include  -I./sys/nix -DHAVE_CONFIG_H -DIS_LITTLE_ENDIAN  -DIS_LINUX -c rcvars.c -o rcvars.o
gcc -ansi -pedantic -Wall -Wno-implicit -Wno-long-long -O3 -fstrength-reduce -fthread-jumps  -fcse-follow-jumps -fcse-skip-blocks -frerun-cse-after-loop  -fexpensive-optimizations -fforce-addr -fomit-frame-pointer -D_XOPEN_SOURCE=500 -I. -I/usr/local/include  -I./sys/nix -DHAVE_CONFIG_H -DIS_LITTLE_ENDIAN  -DIS_LINUX -c rcfile.c -o rcfile.o
rcfile.c: In function ‘rc_sourcefile’:
rcfile.c:27:8: attention : ignoring return value of ‘fgets’, declared with attribute warn_unused_result [-Wunused-result]
gcc -ansi -pedantic -Wall -Wno-implicit -Wno-long-long -O3 -fstrength-reduce -fthread-jumps  -fcse-follow-jumps -fcse-skip-blocks -frerun-cse-after-loop  -fexpensive-optimizations -fforce-addr -fomit-frame-pointer -D_XOPEN_SOURCE=500 -I. -I/usr/local/include  -I./sys/nix -DHAVE_CONFIG_H -DIS_LITTLE_ENDIAN  -DIS_LINUX -c exports.c -o exports.o
gcc -ansi -pedantic -Wall -Wno-implicit -Wno-long-long -O3 -fstrength-reduce -fthread-jumps  -fcse-follow-jumps -fcse-skip-blocks -frerun-cse-after-loop  -fexpensive-optimizations -fforce-addr -fomit-frame-pointer -D_XOPEN_SOURCE=500 -I. -I/usr/local/include  -I./sys/nix -DHAVE_CONFIG_H -DIS_LITTLE_ENDIAN  -DIS_LINUX -c split.c -o split.o
gcc -ansi -pedantic -Wall -Wno-implicit -Wno-long-long -O3 -fstrength-reduce -fthread-jumps  -fcse-follow-jumps -fcse-skip-blocks -frerun-cse-after-loop  -fexpensive-optimizations -fforce-addr -fomit-frame-pointer -D_XOPEN_SOURCE=500 -I. -I/usr/local/include  -I./sys/nix -DHAVE_CONFIG_H -DIS_LITTLE_ENDIAN  -DIS_LINUX -c path.c -o path.o
gcc -ansi -pedantic -Wall -Wno-implicit -Wno-long-long -O3 -fstrength-reduce -fthread-jumps  -fcse-follow-jumps -fcse-skip-blocks -frerun-cse-after-loop  -fexpensive-optimizations -fforce-addr -fomit-frame-pointer -D_XOPEN_SOURCE=500 -I. -I/usr/local/include  -I./sys/nix -DHAVE_CONFIG_H -DIS_LITTLE_ENDIAN  -DIS_LINUX -c inflate.c -o inflate.o
inflate.c: In function ‘inflate’:
inflate.c:437:25: attention : variable ‘nlen’ set but not used [-Wunused-but-set-variable]
gcc -ansi -pedantic -Wall -Wno-implicit -Wno-long-long -O3 -fstrength-reduce -fthread-jumps  -fcse-follow-jumps -fcse-skip-blocks -frerun-cse-after-loop  -fexpensive-optimizations -fforce-addr -fomit-frame-pointer -D_XOPEN_SOURCE=500 -I. -I/usr/local/include  -I./sys/nix -DHAVE_CONFIG_H -DIS_LITTLE_ENDIAN  -DIS_LINUX -c main.c -o main.o
main.c: In function ‘copyright’:
main.c:77:1: attention : string length ‘771’ is greater than the length ‘509’ ISO C90 compilers are required to support [-Woverlength-strings]
main.c: In function ‘help’:
main.c:107:1: attention : string length ‘572’ is greater than the length ‘509’ ISO C90 compilers are required to support [-Woverlength-strings]
gcc -ansi -pedantic -Wall -Wno-implicit -Wno-long-long -O3 -fstrength-reduce -fthread-jumps  -fcse-follow-jumps -fcse-skip-blocks -frerun-cse-after-loop  -fexpensive-optimizations -fforce-addr -fomit-frame-pointer -D_XOPEN_SOURCE=500 -I. -I/usr/local/include  -I./sys/nix -DHAVE_CONFIG_H -DIS_LITTLE_ENDIAN  -DIS_LINUX -c sys/nix/nix.c -o sys/nix/nix.o
sys/nix/nix.c: In function ‘sys_checkdir’:
sys/nix/nix.c:69:4: attention : implicit declaration of function ‘die’ [-Wimplicit-function-declaration]
sys/nix/nix.c:75:3: attention : implicit declaration of function ‘mkdir’ [-Wimplicit-function-declaration]
sys/nix/nix.c: In function ‘sys_initpath’:
sys/nix/nix.c:86:3: attention : implicit declaration of function ‘rc_setvar’ [-Wimplicit-function-declaration]
gcc -ansi -pedantic -Wall -Wno-implicit -Wno-long-long -O3 -fstrength-reduce -fthread-jumps  -fcse-follow-jumps -fcse-skip-blocks -frerun-cse-after-loop  -fexpensive-optimizations -fforce-addr -fomit-frame-pointer -D_XOPEN_SOURCE=500 -I. -I/usr/local/include  -I./sys/nix -DHAVE_CONFIG_H -DIS_LITTLE_ENDIAN  -DIS_LINUX -c unzip/unzip.c -o unzip/unzip.o
gcc -ansi -pedantic -Wall -Wno-implicit -Wno-long-long -O3 -fstrength-reduce -fthread-jumps  -fcse-follow-jumps -fcse-skip-blocks -frerun-cse-after-loop  -fexpensive-optimizations -fforce-addr -fomit-frame-pointer -D_XOPEN_SOURCE=500 -I. -I/usr/local/include  -I./sys/nix -DHAVE_CONFIG_H -DIS_LITTLE_ENDIAN  -DIS_LINUX -c unzip/ioapi.c -o unzip/ioapi.o
gcc -ansi -pedantic -Wall -Wno-implicit -Wno-long-long -O3 -fstrength-reduce -fthread-jumps  -fcse-follow-jumps -fcse-skip-blocks -frerun-cse-after-loop  -fexpensive-optimizations -fforce-addr -fomit-frame-pointer -D_XOPEN_SOURCE=500 -I. -I/usr/local/include  -I./sys/nix -DHAVE_CONFIG_H -DIS_LITTLE_ENDIAN  -DIS_LINUX -I/usr/include/SDL -D_GNU_SOURCE=1 -D_REENTRANT -c sys/sdl/sdl.c -o sys/sdl/sdl.o
gcc -ansi -pedantic -Wall -Wno-implicit -Wno-long-long -O3 -fstrength-reduce -fthread-jumps  -fcse-follow-jumps -fcse-skip-blocks -frerun-cse-after-loop  -fexpensive-optimizations -fforce-addr -fomit-frame-pointer -D_XOPEN_SOURCE=500 -I. -I/usr/local/include  -I./sys/nix -DHAVE_CONFIG_H -DIS_LITTLE_ENDIAN  -DIS_LINUX -I/usr/include/SDL -D_GNU_SOURCE=1 -D_REENTRANT -c sys/sdl/keymap.c -o sys/sdl/keymap.o
gcc -ansi -pedantic -Wall -Wno-implicit -Wno-long-long -O3 -fstrength-reduce -fthread-jumps  -fcse-follow-jumps -fcse-skip-blocks -frerun-cse-after-loop  -fexpensive-optimizations -fforce-addr -fomit-frame-pointer -D_XOPEN_SOURCE=500 -I. -I/usr/local/include  -I./sys/nix -DHAVE_CONFIG_H -DIS_LITTLE_ENDIAN  -DIS_LINUX -I/usr/include/SDL -D_GNU_SOURCE=1 -D_REENTRANT -c sys/sdl/SFont.c -o sys/sdl/SFont.o
gcc -lz lcd.o refresh.o lcdc.o palette.o cpu.o mem.o rtc.o hw.o sound.o events.o keytable.o loader.o save.o debug.o emu.o rccmds.o rckeys.o rcvars.o rcfile.o exports.o split.o path.o inflate.o main.o sys/nix/nix.o  unzip/unzip.o unzip/ioapi.o sys/sdl/sdl.o sys/sdl/keymap.o sys/sdl/SFont.o -o sdlgnuboy -L/usr/lib/x86_64-linux-gnu -lSDL
/usr/bin/ld: unzip/unzip.o: référence au symbole non défini «inflateInit2_»
/usr/bin/ld: note: «inflateInit2_» est défini dans le DSO /usr/lib/x86_64-linux-gnu/libz.so donc essayez de l'ajouter à la ligne de commande du lieur
/usr/lib/x86_64-linux-gnu/libz.so: could not read symbols: Opération invalide
collect2: erreur: ld a retourné 1 code d'état d'exécution
make: *** [sdlgnuboy] Erreur 1
