This file contains any messages produced by compilers while
running configure, to aid debugging if configure makes a mistake.

It was created by configure, which was
generated by GNU Autoconf 2.52.  Invocation command line was

  $ ./configure --with-sdl

## ---------- ##
## Platform.  ##
## ---------- ##

hostname = bureau
uname -m = x86_64
uname -r = 3.8.0-33-generic
uname -s = Linux
uname -v = #48-Ubuntu SMP Wed Oct 23 09:16:58 UTC 2013

/usr/bin/uname -p = unknown
/bin/uname -X     = unknown

/bin/arch              = unknown
/usr/bin/arch -k       = unknown
/usr/convex/getsysinfo = unknown
hostinfo               = unknown
/bin/machine           = unknown
/usr/bin/oslevel       = unknown
/bin/universe          = unknown

PATH = /home/xavier/bin:/usr/lib/lightdm/lightdm:/usr/local/sbin:/usr/local/bin:/usr/sbin:/usr/bin:/sbin:/bin:/usr/games:/usr/local/games

## ------------ ##
## Core tests.  ##
## ------------ ##

configure:931: PATH=".;."; conftest.sh
./configure: 932: ./configure: conftest.sh: not found
configure:934: $? = 127
configure:988: checking for gcc
configure:1003: found /usr/bin/gcc
configure:1011: result: gcc
configure:1239: checking for C compiler version
configure:1242: gcc --version </dev/null >&5
gcc (Ubuntu/Linaro 4.7.3-1ubuntu1) 4.7.3
Copyright (C) 2012 Free Software Foundation, Inc.
This is free software; see the source for copying conditions.  There is NO
warranty; not even for MERCHANTABILITY or FITNESS FOR A PARTICULAR PURPOSE.

configure:1245: $? = 0
configure:1247: gcc -v </dev/null >&5
Using built-in specs.
COLLECT_GCC=gcc
COLLECT_LTO_WRAPPER=/usr/lib/gcc/x86_64-linux-gnu/4.7/lto-wrapper
Target: x86_64-linux-gnu
Configured with: ../src/configure -v --with-pkgversion='Ubuntu/Linaro 4.7.3-1ubuntu1' --with-bugurl=file:///usr/share/doc/gcc-4.7/README.Bugs --enable-languages=c,c++,go,fortran,objc,obj-c++ --prefix=/usr --program-suffix=-4.7 --enable-shared --enable-linker-build-id --libexecdir=/usr/lib --without-included-gettext --enable-threads=posix --with-gxx-include-dir=/usr/include/c++/4.7 --libdir=/usr/lib --enable-nls --with-sysroot=/ --enable-clocale=gnu --enable-libstdcxx-debug --enable-libstdcxx-time=yes --enable-gnu-unique-object --enable-plugin --with-system-zlib --enable-objc-gc --with-cloog --enable-cloog-backend=ppl --disable-cloog-version-check --disable-ppl-version-check --enable-multiarch --disable-werror --with-arch-32=i686 --with-abi=m64 --with-multilib-list=m32,m64,mx32 --with-tune=generic --enable-checking=release --build=x86_64-linux-gnu --host=x86_64-linux-gnu --target=x86_64-linux-gnu
Thread model: posix
gcc version 4.7.3 (Ubuntu/Linaro 4.7.3-1ubuntu1) 
configure:1250: $? = 0
configure:1252: gcc -V </dev/null >&5
gcc: error: unrecognized command line option '-V'
gcc: fatal error: no input files
compilation terminated.
configure:1255: $? = 4
configure:1275: checking for C compiler default output
configure:1278: gcc    conftest.c  >&5
configure:1281: $? = 0
configure:1310: result: a.out
configure:1315: checking whether the C compiler works
configure:1321: ./a.out
configure:1324: $? = 0
configure:1339: result: yes
configure:1346: checking whether we are cross compiling
configure:1348: result: no
configure:1351: checking for executable suffix
configure:1353: gcc -o conftest    conftest.c  >&5
configure:1356: $? = 0
configure:1378: result: 
configure:1384: checking for object suffix
configure:1402: gcc -c   conftest.c >&5
configure:1405: $? = 0
configure:1424: result: o
configure:1428: checking whether we are using the GNU C compiler
configure:1449: gcc -c   conftest.c >&5
configure:1452: $? = 0
configure:1455: test -s conftest.o
configure:1458: $? = 0
configure:1470: result: yes
configure:1476: checking whether gcc accepts -g
configure:1494: gcc -c -g  conftest.c >&5
configure:1497: $? = 0
configure:1500: test -s conftest.o
configure:1503: $? = 0
configure:1513: result: yes
configure:1540: gcc -c   conftest.c >&5
conftest.c:2:3: error: unknown type name 'choke'
conftest.c:2:3: error: expected '=', ',', ';', 'asm' or '__attribute__' at end of input
configure:1543: $? = 1
configure: failed program was:
#ifndef __cplusplus
  choke me
#endif
configure:1646: checking how to run the C preprocessor
configure:1672: gcc -E  conftest.c
configure:1678: $? = 0
configure:1705: gcc -E  conftest.c
configure:1702:28: fatal error: ac_nonexistent.h: No such file or directory
compilation terminated.
configure:1711: $? = 1
configure: failed program was:
#line 1701 "configure"
#include "confdefs.h"
#include <ac_nonexistent.h>
configure:1748: result: gcc -E
configure:1763: gcc -E  conftest.c
configure:1769: $? = 0
configure:1796: gcc -E  conftest.c
configure:1793:28: fatal error: ac_nonexistent.h: No such file or directory
compilation terminated.
configure:1802: $? = 1
configure: failed program was:
#line 1792 "configure"
#include "confdefs.h"
#include <ac_nonexistent.h>
configure:1878: checking for a BSD compatible install
configure:1927: result: /usr/bin/install -c
configure:1939: checking whether byte ordering is bigendian
configure:1964: gcc -c   conftest.c >&5
configure:1967: $? = 0
configure:1970: test -s conftest.o
configure:1973: $? = 0
configure:1994: gcc -c   conftest.c >&5
configure: In function 'main':
configure:1985:2: error: unknown type name 'not'
configure:1985:10: error: expected '=', ',', ';', 'asm' or '__attribute__' before 'endian'
configure:1997: $? = 1
configure: failed program was:
#line 1977 "configure"
#include "confdefs.h"
#include <sys/types.h>
#include <sys/param.h>

int
main ()
{
#if BYTE_ORDER != BIG_ENDIAN
 not big endian
#endif

  ;
  return 0;
}
configure:2061: result: no
configure:2076: checking for usleep
configure:2113: gcc -o conftest    conftest.c  >&5
configure:2116: $? = 0
configure:2119: test -s conftest
configure:2122: $? = 0
configure:2132: result: yes
configure:2255: checking for sys/soundcard.h
configure:2265: gcc -E  conftest.c
configure:2271: $? = 0
configure:2290: result: yes
configure:2303: checking for linux/joystick.h
configure:2313: gcc -E  conftest.c
configure:2319: $? = 0
configure:2338: result: yes
configure:2352: checking for linux/fb.h
configure:2362: gcc -E  conftest.c
configure:2368: $? = 0
configure:2387: result: yes
configure:2513: checking for vga_init in -lvga
configure:2540: gcc -o conftest    conftest.c -lvga   -L/usr/local/lib -L/usr/X11R6/lib >&5
/usr/bin/ld: cannot find -lvga
collect2: error: ld returned 1 exit status
configure:2543: $? = 1
configure: failed program was:
#line 2521 "configure"
#include "confdefs.h"

/* Override any gcc2 internal prototype to avoid an error.  */
#ifdef __cplusplus
extern "C"
#endif
/* We use char because int might match the return type of a gcc2
   builtin and then its argument prototype would still apply.  */
char vga_init ();
int
main ()
{
vga_init ();
  ;
  return 0;
}
configure:2560: result: no
configure:2627: checking for sdl-config
configure:2642: found /usr/bin/sdl-config
configure:2650: result: yes
configure:2662: checking for SDL_Init in -lSDL
configure:2689: gcc -o conftest    conftest.c -lSDL -L/usr/lib/x86_64-linux-gnu -lSDL  -L/usr/local/lib -L/usr/X11R6/lib >&5
configure:2692: $? = 0
configure:2695: test -s conftest
configure:2698: $? = 0
configure:2709: result: yes
configure:2716: checking for SDL/SDL.h
configure:2726: gcc -E  conftest.c
configure:2732: $? = 0
configure:2751: result: yes
configure:2777: checking for X
configure:2878: gcc -E  conftest.c
configure:2875:27: fatal error: X11/Intrinsic.h: No such file or directory
compilation terminated.
configure:2884: $? = 1
configure: failed program was:
#line 2874 "configure"
#include "confdefs.h"
#include <X11/Intrinsic.h>
configure:2929: gcc -o conftest    conftest.c -lXt  -L/usr/local/lib -L/usr/X11R6/lib >&5
configure:2918:27: fatal error: X11/Intrinsic.h: No such file or directory
compilation terminated.
configure:2932: $? = 1
configure: failed program was:
#line 2917 "configure"
#include "confdefs.h"
#include <X11/Intrinsic.h>
int
main ()
{
XtMalloc (0)
  ;
  return 0;
}
configure:2976: result: no
configure:3151: result: enabling selected compiler warnings
configure:3221: result: producing heavily optimized code
configure:3261: result: no optimized asm core available for `uname -m`
configure:3348: creating ./config.status

## ----------------------- ##
## Running config.status.  ##
## ----------------------- ##

This file was extended by config.status 2.52, executed with
  CONFIG_FILES    = 
  CONFIG_HEADERS  = 
  CONFIG_LINKS    = 
  CONFIG_COMMANDS = 
  > ./config.status 
on bureau

config.status:3796: creating Makefile
config.status:3888: creating sys/nix/config.h
config.status:4029: sys/nix/config.h is unchanged

## ----------------- ##
## Cache variables.  ##
## ----------------- ##

ac_cv_c_bigendian='no'
ac_cv_c_compiler_gnu='yes'
ac_cv_env_CC_set=''
ac_cv_env_CC_value=''
ac_cv_env_CFLAGS_set=''
ac_cv_env_CFLAGS_value=''
ac_cv_env_CPPFLAGS_set=''
ac_cv_env_CPPFLAGS_value=''
ac_cv_env_CPP_set=''
ac_cv_env_CPP_value=''
ac_cv_env_LDFLAGS_set=''
ac_cv_env_LDFLAGS_value=''
ac_cv_env_build_alias_set=''
ac_cv_env_build_alias_value=''
ac_cv_env_host_alias_set=''
ac_cv_env_host_alias_value=''
ac_cv_env_target_alias_set=''
ac_cv_env_target_alias_value=''
ac_cv_func_usleep='yes'
ac_cv_have_x='have_x=no'
ac_cv_header_SDL_SDL_h='yes'
ac_cv_header_linux_fb_h='yes'
ac_cv_header_linux_joystick_h='yes'
ac_cv_header_sys_soundcard_h='yes'
ac_cv_lib_SDL_SDL_Init='yes'
ac_cv_lib_vga_vga_init='no'
ac_cv_objext='o'
ac_cv_path_install='/usr/bin/install -c'
ac_cv_prog_CPP='gcc -E'
ac_cv_prog_SDL_CONFIG='yes'
ac_cv_prog_ac_ct_CC='gcc'
ac_cv_prog_cc_g='yes'

## ------------ ##
## confdefs.h.  ##
## ------------ ##

#define HAVE_USLEEP 1
#define HAVE_SYS_SOUNDCARD_H 1
#define HAVE_LINUX_JOYSTICK_H 1
#define HAVE_LINUX_FB_H 1
#define HAVE_SDL_SDL_H 1


configure: exit 0
